This is pdfTeX, Version 3.141592653-2.6-1.40.25 (MiKTeX 23.5) (preloaded format=pdflatex 2023.6.4)  7 JUN 2023 08:25
entering extended mode
 restricted \write18 enabled.
 file:line:error style messages enabled.
 %&-line parsing enabled.
**"d:/template latex/commands.tex"
(d:/template latex/commands.tex
LaTeX2e <2022-11-01> patch level 1
L3 programming layer <2023-05-15>)
! Emergency stop.
<*> "d:/template latex/commands.tex"
                                    
*** (job aborted, no legal \end found)

 
Here is how much of TeX's memory you used:
 19 strings out of 476411
 421 string characters out of 5806022
 1850845 words of memory out of 5000000
 20477 multiletter control sequences out of 15000+600000
 512287 words of font info for 32 fonts, out of 8000000 for 9000
 1141 hyphenation exceptions out of 8191
 13i,0n,12p,64b,10s stack positions out of 10000i,1000n,20000p,200000b,200000s
!  ==> Fatal error occurred, no output PDF file produced!
