\BOOKMARK [0][-]{chapter*.1}{\376\377\000R\000E\000C\000O\000M\000M\000E\000N\000D\000A\000T\000I\000O\000N}{}% 1
\BOOKMARK [0][-]{chapter*.2}{\376\377\000D\000E\000P\000A\000R\000T\000M\000E\000N\000T\000A\000L\000\040\000A\000C\000C\000E\000P\000T\000A\000N\000C\000E}{}% 2
\BOOKMARK [0][-]{chapter*.5}{\376\377\000A\000C\000K\000N\000O\000W\000L\000E\000D\000G\000M\000E\000N\000T}{}% 3
\BOOKMARK [0][-]{chapter*.6}{\376\377\000A\000B\000S\000T\000R\000A\000C\000T}{}% 4
\BOOKMARK [0][-]{chapter*.7}{\376\377\000T\000A\000B\000L\000E\000\040\000O\000F\000\040\000C\000O\000N\000T\000E\000N\000T\000S}{}% 5
\BOOKMARK [0][-]{chapter*.8}{\376\377\000L\000I\000S\000T\000\040\000O\000F\000\040\000F\000I\000G\000U\000R\000E\000S}{}% 6
\BOOKMARK [0][-]{chapter*.9}{\376\377\000L\000I\000S\000T\000\040\000O\000F\000\040\000T\000A\000B\000L\000E\000S}{}% 7
\BOOKMARK [0][-]{chapter*.10}{\376\377\000L\000I\000S\000T\000\040\000O\000F\000\040\000A\000B\000B\000R\000E\000V\000I\000A\000T\000I\000O\000N\000S}{}% 8
\BOOKMARK [0][-]{chapter.1}{\376\377\000I\000N\000T\000R\000O\000D\000U\000C\000T\000I\000O\000N}{}% 9
\BOOKMARK [1][-]{section.1.1}{\376\377\000I\000n\000t\000r\000o\000d\000u\000c\000t\000i\000o\000n}{chapter.1}% 10
\BOOKMARK [1][-]{section.1.2}{\376\377\000P\000r\000o\000b\000l\000e\000m\000\040\000S\000t\000a\000t\000e\000m\000e\000n\000t}{chapter.1}% 11
\BOOKMARK [1][-]{section.1.3}{\376\377\000O\000b\000j\000e\000c\000t\000i\000v\000e\000s}{chapter.1}% 12
\BOOKMARK [1][-]{section.1.4}{\376\377\000S\000c\000o\000p\000e\000\040\000a\000n\000d\000\040\000L\000i\000m\000i\000t\000a\000t\000i\000o\000n\000s}{chapter.1}% 13
\BOOKMARK [1][-]{section.1.5}{\376\377\000L\000i\000m\000i\000t\000a\000t\000i\000o\000n}{chapter.1}% 14
\BOOKMARK [1][-]{section.1.6}{\376\377\000P\000o\000t\000e\000n\000t\000i\000a\000l\000\040\000a\000p\000p\000l\000i\000c\000a\000t\000i\000o\000n\000s}{chapter.1}% 15
\BOOKMARK [1][-]{section.1.7}{\376\377\000O\000r\000i\000g\000i\000n\000a\000l\000i\000t\000y\000\040\000o\000f\000\040\000P\000r\000o\000j\000e\000c\000t}{chapter.1}% 16
\BOOKMARK [1][-]{section.1.8}{\376\377\000R\000e\000p\000o\000r\000t\000\040\000O\000r\000g\000a\000n\000i\000s\000a\000t\000i\000o\000n}{chapter.1}% 17
\BOOKMARK [0][-]{chapter.2}{\376\377\000B\000A\000C\000K\000G\000R\000O\000U\000N\000D\000\040\000A\000N\000D\000\040\000L\000I\000T\000E\000R\000A\000T\000U\000R\000E\000\040\000R\000E\000V\000I\000E\000W}{}% 18
\BOOKMARK [1][-]{section.2.1}{\376\377\000B\000a\000c\000k\000g\000r\000o\000u\000n\000d\000\040\000S\000t\000u\000d\000y}{chapter.2}% 19
\BOOKMARK [1][-]{section.2.2}{\376\377\000L\000i\000t\000e\000r\000a\000t\000u\000r\000e\000\040\000R\000e\000v\000i\000e\000w}{chapter.2}% 20
\BOOKMARK [2][-]{subsection.2.2.1}{\376\377\000E\000x\000i\000s\000t\000i\000n\000g\000\040\000S\000y\000s\000t\000e\000m}{section.2.2}% 21
\BOOKMARK [0][-]{chapter.3}{\376\377\000S\000Y\000S\000T\000E\000M\000\040\000A\000N\000A\000L\000Y\000S\000I\000S\000\040\000A\000N\000D\000\040\000D\000E\000S\000I\000G\000N}{}% 22
\BOOKMARK [1][-]{section.3.1}{\376\377\000S\000y\000s\000t\000e\000m\000\040\000A\000n\000a\000l\000y\000s\000i\000s}{chapter.3}% 23
\BOOKMARK [1][-]{section.3.2}{\376\377\000R\000e\000q\000u\000i\000r\000e\000m\000e\000n\000t\000\040\000A\000n\000a\000l\000y\000s\000i\000s}{chapter.3}% 24
\BOOKMARK [2][-]{subsection.3.2.1}{\376\377\000F\000u\000n\000c\000t\000i\000o\000n\000a\000l\000\040\000R\000e\000q\000u\000i\000r\000e\000m\000e\000n\000t\000s}{section.3.2}% 25
\BOOKMARK [2][-]{subsection.3.2.2}{\376\377\000N\000o\000n\000f\000u\000n\000c\000t\000i\000o\000n\000a\000l\000\040\000R\000e\000q\000u\000i\000r\000e\000m\000e\000n\000t\000s}{section.3.2}% 26
\BOOKMARK [1][-]{section.3.3}{\376\377\000F\000e\000a\000s\000i\000b\000i\000l\000i\000t\000y\000\040\000A\000n\000a\000l\000y\000s\000i\000s}{chapter.3}% 27
\BOOKMARK [2][-]{subsection.3.3.1}{\376\377\000E\000c\000o\000n\000o\000m\000i\000c\000a\000l\000\040\000F\000e\000a\000s\000i\000b\000i\000l\000i\000t\000y}{section.3.3}% 28
\BOOKMARK [2][-]{subsection.3.3.2}{\376\377\000O\000p\000e\000r\000a\000t\000i\000o\000n\000a\000l\000\040\000F\000e\000a\000s\000i\000b\000i\000l\000i\000t\000y}{section.3.3}% 29
\BOOKMARK [2][-]{subsection.3.3.3}{\376\377\000T\000e\000c\000h\000n\000i\000c\000a\000l\000\040\000F\000e\000a\000s\000i\000b\000i\000l\000i\000t\000y}{section.3.3}% 30
\BOOKMARK [2][-]{subsection.3.3.4}{\376\377\000D\000a\000t\000a\000\040\000M\000o\000d\000e\000l\000l\000i\000n\000g\000\050\000E\000R\000-\000D\000i\000a\000g\000r\000a\000m\000\051}{section.3.3}% 31
\BOOKMARK [2][-]{subsection.3.3.5}{\376\377\000D\000F\000D}{section.3.3}% 32
\BOOKMARK [1][-]{section.3.4}{\376\377\000S\000y\000s\000t\000e\000m\000\040\000D\000e\000s\000i\000g\000n}{chapter.3}% 33
\BOOKMARK [2][-]{subsection.3.4.1}{\376\377\000A\000r\000c\000h\000i\000t\000e\000c\000t\000u\000r\000e\000\040\000D\000e\000s\000i\000g\000n}{section.3.4}% 34
\BOOKMARK [2][-]{subsection.3.4.2}{\376\377\000A\000c\000t\000i\000v\000i\000t\000y\000\040\000D\000i\000a\000g\000r\000a\000m}{section.3.4}% 35
\BOOKMARK [2][-]{subsection.3.4.3}{\376\377\000S\000c\000h\000e\000m\000a\000\040\000D\000e\000s\000i\000g\000n}{section.3.4}% 36
\BOOKMARK [2][-]{subsection.3.4.4}{\376\377\000I\000n\000t\000e\000r\000f\000a\000c\000e\000\040\000D\000e\000s\000i\000g\000n}{section.3.4}% 37
\BOOKMARK [2][-]{subsection.3.4.5}{\376\377\000P\000h\000y\000s\000i\000c\000a\000l\000\040\000D\000F\000D}{section.3.4}% 38
\BOOKMARK [0][-]{chapter.4}{\376\377\000I\000M\000P\000L\000E\000M\000E\000N\000T\000A\000T\000I\000O\000N\000\040\000A\000N\000D\000\040\000T\000E\000S\000T\000I\000N\000G}{}% 39
\BOOKMARK [1][-]{section.4.1}{\376\377\000I\000m\000p\000l\000e\000m\000e\000n\000t\000a\000t\000i\000o\000n}{chapter.4}% 40
\BOOKMARK [1][-]{section.4.2}{\376\377\000T\000o\000o\000l\000s\000\040\000U\000s\000e\000d}{chapter.4}% 41
\BOOKMARK [2][-]{subsection.4.2.1}{\376\377\000G\000i\000t}{section.4.2}% 42
\BOOKMARK [2][-]{subsection.4.2.2}{\376\377\000F\000i\000g\000m\000a}{section.4.2}% 43
\BOOKMARK [2][-]{subsection.4.2.3}{\376\377\000G\000i\000t\000H\000u\000b}{section.4.2}% 44
\BOOKMARK [2][-]{subsection.4.2.4}{\376\377\000H\000T\000M\000L\000,\000\040\000C\000S\000S\000\040\000a\000n\000d\000\040\000J\000S}{section.4.2}% 45
\BOOKMARK [2][-]{subsection.4.2.5}{\376\377\000M\000y\000S\000Q\000L}{section.4.2}% 46
\BOOKMARK [2][-]{subsection.4.2.6}{\376\377\000P\000H\000P}{section.4.2}% 47
\BOOKMARK [1][-]{section.4.3}{\376\377\000M\000o\000d\000u\000l\000e\000s\000\040\000U\000s\000e\000d}{chapter.4}% 48
\BOOKMARK [2][-]{subsection.4.3.1}{\376\377\000A\000J\000A\000X}{section.4.3}% 49
\BOOKMARK [2][-]{subsection.4.3.2}{\376\377\000J\000Q\000u\000e\000r\000y}{section.4.3}% 50
\BOOKMARK [2][-]{subsection.4.3.3}{\376\377\000M\000y\000S\000q\000l\000i\000\040\000C\000o\000n\000n\000e\000c\000t}{section.4.3}% 51
\BOOKMARK [2][-]{subsection.4.3.4}{\376\377\000G\000o\000o\000g\000l\000e\000\040\000F\000o\000n\000t\000s}{section.4.3}% 52
\BOOKMARK [2][-]{subsection.4.3.5}{\376\377\000F\000o\000n\000t\000\040\000A\000w\000e\000s\000o\000m\000e\000\040}{section.4.3}% 53
\BOOKMARK [1][-]{section.4.4}{\376\377\000T\000e\000s\000t\000i\000n\000g}{chapter.4}% 54
\BOOKMARK [2][-]{subsection.4.4.1}{\376\377\000U\000n\000i\000t\000\040\000T\000e\000s\000t\000i\000n\000g}{section.4.4}% 55
\BOOKMARK [0][-]{chapter.5}{\376\377\000W\000O\000R\000K\000S\000\040\000C\000O\000M\000P\000L\000E\000T\000E\000D}{}% 56
\BOOKMARK [1][-]{section.5.1}{\376\377\000H\000o\000m\000e\000\040\000P\000a\000g\000e}{chapter.5}% 57
\BOOKMARK [1][-]{section.5.2}{\376\377\000G\000e\000e\000k}{chapter.5}% 58
\BOOKMARK [1][-]{section.5.3}{\376\377\000U\000n\000-\000G\000e\000e\000k}{chapter.5}% 59
\BOOKMARK [1][-]{section.5.4}{\376\377\000P\000r\000o\000f\000i\000l\000e}{chapter.5}% 60
\BOOKMARK [1][-]{section.5.5}{\376\377\000M\000e\000s\000s\000e\000n\000g\000e\000r}{chapter.5}% 61
\BOOKMARK [1][-]{section.5.6}{\376\377\000S\000e\000a\000r\000c\000h}{chapter.5}% 62
\BOOKMARK [1][-]{section.5.7}{\376\377\000N\000o\000t\000i\000f\000i\000c\000a\000t\000i\000o\000n}{chapter.5}% 63
\BOOKMARK [1][-]{section.5.8}{\376\377\000P\000o\000s\000t}{chapter.5}% 64
\BOOKMARK [1][-]{section.5.9}{\376\377\000P\000r\000o\000f\000i\000l\000e\000\040\000o\000f\000\040\000o\000t\000h\000e\000r\000\040\000U\000s\000e\000r\000s}{chapter.5}% 65
\BOOKMARK [1][-]{section.5.10}{\376\377\000S\000e\000n\000d\000\040\000C\000o\000n\000n\000e\000c\000t\000i\000o\000n\000\040\000R\000e\000q\000u\000e\000s\000t}{chapter.5}% 66
\BOOKMARK [1][-]{section.5.11}{\376\377\000R\000e\000s\000u\000l\000t\000\040\000a\000f\000t\000e\000r\000\040\000c\000o\000n\000n\000e\000c\000t\000i\000o\000n\000\040\000r\000e\000q\000u\000e\000s\000t\000\040\000i\000s\000\040\000s\000e\000n\000t}{chapter.5}% 67
\BOOKMARK [1][-]{section.5.12}{\376\377\000C\000o\000n\000n\000e\000c\000t\000i\000o\000n\000\040\000R\000e\000q\000u\000e\000s\000t\000\040\000A\000c\000c\000e\000p\000t\000e\000d}{chapter.5}% 68
\BOOKMARK [0][-]{chapter.6}{\376\377\000D\000I\000S\000C\000U\000S\000S\000I\000O\000N\000\040\000A\000N\000D\000\040\000A\000N\000A\000L\000Y\000S\000I\000S}{}% 69
\BOOKMARK [0][-]{chapter.7}{\376\377\000W\000O\000R\000K\000S\000\040\000R\000E\000M\000A\000I\000N\000I\000N\000G}{}% 70
\BOOKMARK [1][-]{section.7.1}{\376\377\000C\000o\000m\000m\000e\000n\000t\000s}{chapter.7}% 71
\BOOKMARK [1][-]{section.7.2}{\376\377\000M\000e\000s\000s\000e\000n\000e\000g\000e\000r}{chapter.7}% 72
\BOOKMARK [1][-]{section.7.3}{\376\377\000S\000e\000a\000r\000c\000h\000\040\000f\000o\000r\000\040\000C\000o\000d\000e\000s\000/\000D\000i\000s\000c\000u\000s\000s\000i\000o\000n}{chapter.7}% 73
\BOOKMARK [1][-]{section.7.4}{\376\377\000C\000V\000\040\000U\000p\000l\000o\000a\000d\000\040\000a\000n\000d\000\040\000M\000a\000n\000a\000g\000e\000m\000e\000n\000t}{chapter.7}% 74
\BOOKMARK [1][-]{section.7.5}{\376\377\000P\000o\000r\000t\000f\000o\000l\000i\000o\000\040\000m\000a\000n\000a\000g\000e\000m\000e\000n\000t}{chapter.7}% 75
\BOOKMARK [1][-]{section.1..1}{\376\377\000P\000r\000o\000j\000e\000c\000t\000\040\000S\000c\000h\000e\000d\000u\000l\000e}{chapter.7}% 76
\BOOKMARK [1][-]{section.1..2}{\376\377\000S\000e\000t\000u\000p\000\040\000G\000u\000i\000d\000e\000\040\000t\000o\000\040\000r\000u\000n\000\040\000C\000o\000d\000e\000\040\000C\000o\000n\000n\000e\000c\000t\000\040\000L\000o\000c\000a\000l\000l\000y}{chapter.7}% 77
\BOOKMARK [1][-]{section.1..3}{\376\377\000M\000y\000S\000Q\000L\000\040\000C\000o\000n\000n\000e\000c\000t\000i\000o\000n\000\040\000i\000n\000\040\000o\000u\000r\000\040\000C\000o\000d\000e\000C\000o\000n\000n\000e\000c\000t\000\040\000P\000H\000P}{chapter.7}% 78
\BOOKMARK [1][-]{section.1..4}{\376\377\000S\000u\000p\000e\000r\000v\000i\000s\000o\000r\000\040\000C\000o\000n\000s\000u\000l\000t\000a\000t\000i\000o\000n\000\040\000F\000o\000r\000m}{chapter.7}% 79
\BOOKMARK [0][-]{appendix*.43}{\376\377\000R\000E\000F\000E\000R\000E\000N\000C\000E\000S}{}% 80
